# JRE version: Java(TM) SE Runtime Environment (10.0.2+13) (build 10.0.2+13)
# Java VM: Java HotSpot(TM) 64-Bit Server VM (10.0.2+13, mixed mode, tiered, compressed oops, g1 gc, windows-amd64)
Heap:
 garbage-first heap   total 65536K, used 6256K [0x00000000c0000000, 0x0000000100000000)
  region size 1024K, 2 young (2048K), 2 survivors (2048K)
 Metaspace       used 10930K, capacity 11087K, committed 11264K, reserved 1067008K
  class space    used 1096K, capacity 1177K, committed 1280K, reserved 1048576K
GC Heap History (6 events):
Event: 0.913 GC heap before
{Heap before GC invocations=0 (full 0):
 garbage-first heap   total 65536K, used 8192K [0x00000000c0000000, 0x0000000100000000)
  region size 1024K, 7 young (7168K), 0 survivors (0K)
 Metaspace       used 4622K, capacity 4664K, committed 4864K, reserved 1056768K
  class space    used 394K, capacity 424K, committed 512K, reserved 1048576K
}
Event: 0.917 GC heap after
{Heap after GC invocations=1 (full 0):
 garbage-first heap   total 65536K, used 3941K [0x00000000c0000000, 0x0000000100000000)
  region size 1024K, 1 young (1024K), 1 survivors (1024K)
 Metaspace       used 4622K, capacity 4664K, committed 4864K, reserved 1056768K
  class space    used 394K, capacity 424K, committed 512K, reserved 1048576K
}
Event: 1.368 GC heap before
{Heap before GC invocations=1 (full 0):
 garbage-first heap   total 65536K, used 7013K [0x00000000c0000000, 0x0000000100000000)
  region size 1024K, 4 young (4096K), 1 survivors (1024K)
 Metaspace       used 8483K, capacity 8617K, committed 8832K, reserved 1056768K
  class space    used 774K, capacity 830K, committed 896K, reserved 1048576K
}
Event: 1.372 GC heap after
{Heap after GC invocations=2 (full 0):
 garbage-first heap   total 65536K, used 5444K [0x00000000c0000000, 0x0000000100000000)
  region size 1024K, 1 young (1024K), 1 survivors (1024K)
 Metaspace       used 8483K, capacity 8617K, committed 8832K, reserved 1056768K
  class space    used 774K, capacity 830K, committed 896K, reserved 1048576K
}
Event: 2.415 GC heap before
{Heap before GC invocations=2 (full 0):
 garbage-first heap   total 65536K, used 8516K [0x00000000c0000000, 0x0000000100000000)
  region size 1024K, 5 young (5120K), 1 survivors (1024K)
 Metaspace       used 10930K, capacity 11087K, committed 11264K, reserved 1064960K
  class space    used 1096K, capacity 1177K, committed 1280K, reserved 1048576K
}
Event: 2.419 GC heap after
{Heap after GC invocations=3 (full 0):
 garbage-first heap   total 65536K, used 6256K [0x00000000c0000000, 0x0000000100000000)
  region size 1024K, 2 young (2048K), 2 survivors (2048K)
 Metaspace       used 10930K, capacity 11087K, committed 11264K, reserved 1064960K
  class space    used 1096K, capacity 1177K, committed 1280K, reserved 1048576K
}

